<?xml version="1.0" encoding="UTF-8"?>
<testsuite xmlns:xsi="http://www.w3.org/2001/XMLSchema-instance" xsi:noNamespaceSchemaLocation="https://maven.apache.org/surefire/maven-surefire-plugin/xsd/surefire-test-report-3.0.xsd" version="3.0" name="com.trela.databasemigrationtool3000.migration.MigrationRunnerUnitTest" time="0.018" tests="4" errors="0" skipped="0" failures="0">
  <properties>
[...]
</properties>
  <testcase name="testValidateFileName_InvalidFileName" classname="com.trela.databasemigrationtool3000.migration.MigrationRunnerUnitTest" time="0.007"/>
  <testcase name="testGetVersionFromFileName" classname="com.trela.databasemigrationtool3000.migration.MigrationRunnerUnitTest" time="0.003"/>
  <testcase name="testValidateFileName_ValidFileName" classname="com.trela.databasemigrationtool3000.migration.MigrationRunnerUnitTest" time="0.002"/>
  <testcase name="testGetDescFromFileName" classname="com.trela.databasemigrationtool3000.migration.MigrationRunnerUnitTest" time="0.002"/>
</testsuite>